<?xml version="1.0" encoding="UTF-8"?>
<!-- Generated by org.testng.reporters.JUnitReportReporter -->
<testsuite hostname="DESKTOP-S6BK834" failures="0" tests="1" name="com.testmaven.testcases.LoginTest" time="10.574" errors="0" timestamp="2024-04-10T23:21:02 IST" skipped="0">
  <testcase classname="com.testmaven.testcases.LoginTest" name="dologin" time="10.574"/>
</testsuite> <!-- com.testmaven.testcases.LoginTest -->
